2021-04-11 22:50:57.654  INFO 18240 --- [main] .DimensionalitySpringBootApplicationTest : Starting DimensionalitySpringBootApplicationTest on WIN-N3GCM06T5FB with PID 18240 (started by Administrator in F:\workspace\dimensionality\dimensionality-springboot)
2021-04-11 22:50:57.655 DEBUG 18240 --- [main] .DimensionalitySpringBootApplicationTest : Running with Spring Boot v1.5.9.RELEASE, Spring v4.3.13.RELEASE
2021-04-11 22:50:57.655  INFO 18240 --- [main] .DimensionalitySpringBootApplicationTest : The following profiles are active: dev
2021-04-11 22:50:57.675  INFO 18240 --- [main] o.s.w.c.s.GenericWebApplicationContext   : Refreshing org.springframework.web.context.support.GenericWebApplicationContext@38cee291: startup date [Sun Apr 11 22:50:57 CST 2021]; root of context hierarchy
2021-04-11 22:50:58.507  INFO 18240 --- [main] s.w.s.m.m.a.RequestMappingHandlerAdapter : Looking for @ControllerAdvice: org.springframework.web.context.support.GenericWebApplicationContext@38cee291: startup date [Sun Apr 11 22:50:57 CST 2021]; root of context hierarchy
2021-04-11 22:50:58.544  INFO 18240 --- [main] s.w.s.m.m.a.RequestMappingHandlerMapping : Mapped "{[/hello],methods=[GET]}" onto public java.lang.String com.dimensionality.boot.controller.HelloController.hello()
2021-04-11 22:50:58.546  INFO 18240 --- [main] s.w.s.m.m.a.RequestMappingHandlerMapping : Mapped "{[/error]}" onto public org.springframework.http.ResponseEntity<java.util.Map<java.lang.String, java.lang.Object>> org.springframework.boot.autoconfigure.web.BasicErrorController.error(javax.servlet.http.HttpServletRequest)
2021-04-11 22:50:58.546  INFO 18240 --- [main] s.w.s.m.m.a.RequestMappingHandlerMapping : Mapped "{[/error],produces=[text/html]}" onto public org.springframework.web.servlet.ModelAndView org.springframework.boot.autoconfigure.web.BasicErrorController.errorHtml(javax.servlet.http.HttpServletRequest,javax.servlet.http.HttpServletResponse)
2021-04-11 22:50:58.562  INFO 18240 --- [main] o.s.w.s.handler.SimpleUrlHandlerMapping  : Mapped URL path [/webjars/**] onto handler of type [class org.springframework.web.servlet.resource.ResourceHttpRequestHandler]
2021-04-11 22:50:58.562  INFO 18240 --- [main] o.s.w.s.handler.SimpleUrlHandlerMapping  : Mapped URL path [/**] onto handler of type [class org.springframework.web.servlet.resource.ResourceHttpRequestHandler]
2021-04-11 22:50:58.585  INFO 18240 --- [main] o.s.w.s.handler.SimpleUrlHandlerMapping  : Mapped URL path [/**/favicon.ico] onto handler of type [class org.springframework.web.servlet.resource.ResourceHttpRequestHandler]
2021-04-11 22:50:58.682  INFO 18240 --- [main] .DimensionalitySpringBootApplicationTest : Started DimensionalitySpringBootApplicationTest in 1.27 seconds (JVM running for 1.692)
2021-04-11 22:50:58.715 TRACE 18240 --- [main] .DimensionalitySpringBootApplicationTest : 这是trace日志...
2021-04-11 22:50:58.716 DEBUG 18240 --- [main] .DimensionalitySpringBootApplicationTest : 这是debug日志...
2021-04-11 22:50:58.716  INFO 18240 --- [main] .DimensionalitySpringBootApplicationTest : 这是info日志...
2021-04-11 22:50:58.716  WARN 18240 --- [main] .DimensionalitySpringBootApplicationTest : 这是warn日志...
2021-04-11 22:50:58.716 ERROR 18240 --- [main] .DimensionalitySpringBootApplicationTest : 这是error日志...
2021-04-11 22:50:58.721  INFO 18240 --- [Thread-2] o.s.w.c.s.GenericWebApplicationContext   : Closing org.springframework.web.context.support.GenericWebApplicationContext@38cee291: startup date [Sun Apr 11 22:50:57 CST 2021]; root of context hierarchy
2021-04-11 22:57:16.856  INFO 20464 --- [main] .DimensionalitySpringBootApplicationTest : Starting DimensionalitySpringBootApplicationTest on WIN-N3GCM06T5FB with PID 20464 (started by Administrator in F:\workspace\dimensionality\dimensionality-springboot)
2021-04-11 22:57:16.857 DEBUG 20464 --- [main] .DimensionalitySpringBootApplicationTest : Running with Spring Boot v1.5.9.RELEASE, Spring v4.3.13.RELEASE
2021-04-11 22:57:16.857  INFO 20464 --- [main] .DimensionalitySpringBootApplicationTest : The following profiles are active: dev
2021-04-11 22:57:16.877  INFO 20464 --- [main] o.s.w.c.s.GenericWebApplicationContext   : Refreshing org.springframework.web.context.support.GenericWebApplicationContext@41a0aa7d: startup date [Sun Apr 11 22:57:16 CST 2021]; root of context hierarchy
2021-04-11 22:57:17.722  INFO 20464 --- [main] s.w.s.m.m.a.RequestMappingHandlerAdapter : Looking for @ControllerAdvice: org.springframework.web.context.support.GenericWebApplicationContext@41a0aa7d: startup date [Sun Apr 11 22:57:16 CST 2021]; root of context hierarchy
2021-04-11 22:57:17.763  INFO 20464 --- [main] s.w.s.m.m.a.RequestMappingHandlerMapping : Mapped "{[/hello],methods=[GET]}" onto public java.lang.String com.dimensionality.boot.controller.HelloController.hello()
2021-04-11 22:57:17.764  INFO 20464 --- [main] s.w.s.m.m.a.RequestMappingHandlerMapping : Mapped "{[/error]}" onto public org.springframework.http.ResponseEntity<java.util.Map<java.lang.String, java.lang.Object>> org.springframework.boot.autoconfigure.web.BasicErrorController.error(javax.servlet.http.HttpServletRequest)
2021-04-11 22:57:17.764  INFO 20464 --- [main] s.w.s.m.m.a.RequestMappingHandlerMapping : Mapped "{[/error],produces=[text/html]}" onto public org.springframework.web.servlet.ModelAndView org.springframework.boot.autoconfigure.web.BasicErrorController.errorHtml(javax.servlet.http.HttpServletRequest,javax.servlet.http.HttpServletResponse)
2021-04-11 22:57:17.781  INFO 20464 --- [main] o.s.w.s.handler.SimpleUrlHandlerMapping  : Mapped URL path [/webjars/**] onto handler of type [class org.springframework.web.servlet.resource.ResourceHttpRequestHandler]
2021-04-11 22:57:17.781  INFO 20464 --- [main] o.s.w.s.handler.SimpleUrlHandlerMapping  : Mapped URL path [/**] onto handler of type [class org.springframework.web.servlet.resource.ResourceHttpRequestHandler]
2021-04-11 22:57:17.801  INFO 20464 --- [main] o.s.w.s.handler.SimpleUrlHandlerMapping  : Mapped URL path [/**/favicon.ico] onto handler of type [class org.springframework.web.servlet.resource.ResourceHttpRequestHandler]
2021-04-11 22:57:17.896  INFO 20464 --- [main] .DimensionalitySpringBootApplicationTest : Started DimensionalitySpringBootApplicationTest in 1.257 seconds (JVM running for 1.678)
2021-04-11 22:57:17.928 TRACE 20464 --- [main] .DimensionalitySpringBootApplicationTest : 这是trace日志...
2021-04-11 22:57:17.928 DEBUG 20464 --- [main] .DimensionalitySpringBootApplicationTest : 这是debug日志...
2021-04-11 22:57:17.928  INFO 20464 --- [main] .DimensionalitySpringBootApplicationTest : 这是info日志...
2021-04-11 22:57:17.928  WARN 20464 --- [main] .DimensionalitySpringBootApplicationTest : 这是warn日志...
2021-04-11 22:57:17.928 ERROR 20464 --- [main] .DimensionalitySpringBootApplicationTest : 这是error日志...
2021-04-11 22:57:17.932  INFO 20464 --- [Thread-2] o.s.w.c.s.GenericWebApplicationContext   : Closing org.springframework.web.context.support.GenericWebApplicationContext@41a0aa7d: startup date [Sun Apr 11 22:57:16 CST 2021]; root of context hierarchy
